17.1875,64
14.0625,64
15.625,64
18.75,64
21.875,64
20.3125,64
23.4375,64
15.625,64
20.3125,64
31.25,64
45.3125,64
51.5625,64
51.5625,64
59.375,64
45.3125,64
62.5,64
65.625,64
54.6875,64
75,64
67.1875,64
59.375,64
68.75,64
62.5,64
68.75,64
59.375,64
59.375,64
67.1875,64
57.8125,64
75,64
59.375,64
67.1875,64
73.4375,64
78.125,64
68.75,64
64.0625,64
79.6875,64
60.9375,64
67.1875,64
70.3125,64
68.75,64
65.625,64
67.1875,64
67.1875,64
62.5,64
81.25,64
73.4375,64
71.875,64
71.875,64
56.25,64
67.1875,64
76.5625,64
70.3125,64
75,64
67.1875,64
73.4375,64
78.125,64
75,64
71.875,64
73.4375,64
70.3125,64
71.875,64
71.875,64
76.5625,64
76.5625,64
71.875,64
79.6875,64
76.5625,64
73.4375,64
87.5,64
75,64
73.4375,64
78.125,64
73.4375,64
75,64
89.0625,64
70.3125,64
87.5,64
70.3125,64
73.4375,64
84.375,64
79.6875,64
78.125,64
75,64
75,64
81.25,64
76.5625,64
73.4375,64
81.25,64
85.9375,64
81.25,64
78.125,64
82.8125,64
71.875,64
81.25,64
85.9375,64
85.9375,64
87.5,64
79.6875,64
81.25,64
87.5,64
71.875,64
81.25,64
75,64
81.25,64
70.3125,64
73.4375,64
78.125,64
82.8125,64
82.8125,64
79.6875,64
79.6875,64
87.5,64
81.25,64
87.5,64
89.0625,64
79.6875,64
85.9375,64
85.9375,64
84.375,64
85.9375,64
90.625,64
81.25,64
76.5625,64
84.375,64
82.8125,64
87.5,64
82.8125,64
84.375,64
81.25,64
92.1875,64
82.8125,64
81.25,64
82.8125,64
82.8125,64
89.0625,64
90.625,64
82.8125,64
90.625,64
82.8125,64
84.375,64
87.5,64
84.375,64
84.375,64
87.5,64
85.9375,64
87.5,64
90.625,64
84.375,64
85.9375,64
96.875,64
85.9375,64
87.5,64
85.9375,64
81.25,64
87.5,64
85.9375,64
81.25,64
85.9375,64
90.625,64
85.9375,64
89.0625,64
78.125,64
90.625,64
92.1875,64
87.5,64
84.375,64
78.125,64
87.5,64
92.1875,64
90.625,64
89.0625,64
90.625,64
96.875,64
84.375,64
81.25,64
79.6875,64
82.8125,64
85.9375,64
95.3125,64
82.8125,64
87.5,64
89.0625,64
84.375,64
87.5,64
81.25,64
93.75,64
84.375,64
85.9375,64
85.9375,64
95.3125,64
95.3125,64
85.9375,64
90.625,64
89.0625,64
81.25,64
89.0625,64
93.75,64
82.8125,64
89.0625,64
85.9375,64
82.8125,64
89.0625,64
78.125,64
90.625,64
89.0625,64
93.75,64
89.0625,64
92.1875,64
89.0625,64
90.625,64
87.5,64
92.1875,64
92.1875,64
81.25,64
85.9375,64
85.9375,64
92.1875,64
92.1875,64
89.0625,64
85.9375,64
89.0625,64
93.75,64
93.75,64
84.375,64
82.8125,64
95.3125,64
98.4375,64
93.75,64
85.9375,64
89.0625,64
82.8125,64
95.3125,64
82.8125,64
87.5,64
89.0625,64
95.3125,64
89.0625,64
85.9375,64
85.9375,64
92.1875,64
96.875,64
93.75,64
84.375,64
81.25,64
92.1875,64
90.625,64
85.9375,64
89.0625,64
85.9375,64
87.5,64
93.75,64
93.75,64
90.625,64
95.3125,64
92.1875,64
90.625,64
93.75,64
87.5,64
87.5,64
93.75,64
90.625,64
90.625,64
84.375,64
89.0625,64
90.625,64
89.0625,64
95.3125,64
82.8125,64
87.5,64
93.75,64
87.5,64
85.9375,64
85.9375,64
84.375,64
90.625,64
92.1875,64
90.625,64
90.625,64
84.375,64
89.0625,64
93.75,64
93.75,64
92.1875,64
90.625,64
89.0625,64
90.625,64
95.3125,64
96.875,64
90.625,64
85.9375,64
89.0625,64
92.1875,64
84.375,64
89.0625,64
93.75,64
95.3125,64
90.625,64
85.9375,64
85.9375,64
89.0625,64
89.0625,64
87.5,64
85.9375,64
92.1875,64
93.75,64
90.625,64
93.75,64
82.8125,64
89.0625,64
93.75,64
87.5,64
89.0625,64
89.0625,64
92.1875,64
82.8125,64
90.625,64
87.5,64
85.9375,64
85.9375,64
81.25,64
79.6875,64
95.3125,64
92.1875,64
82.8125,64
82.8125,64
84.375,64
85.9375,64
87.5,64
84.375,64
95.3125,64
93.75,64
93.75,64
92.1875,64
92.1875,64
95.3125,64
90.625,64
89.0625,64
93.75,64
93.75,64
87.5,64
92.1875,64
87.5,64
89.0625,64
89.0625,64
90.625,64
90.625,64
93.75,64
89.0625,64
90.625,64
92.1875,64
85.9375,64
96.875,64
96.875,64
87.5,64
87.5,64
95.3125,64
95.3125,64
85.9375,64
90.625,64
92.1875,64
89.0625,64
90.625,64
84.375,64
89.0625,64
92.1875,64
96.875,64
95.3125,64
92.1875,64
93.75,64
85.9375,64
82.8125,64
85.9375,64
95.3125,64
90.625,64
89.0625,64
96.875,64
92.1875,64
92.1875,64
92.1875,64
93.75,64
92.1875,64
93.75,64
90.625,64
93.75,64
95.3125,64
92.1875,64
90.625,64
90.625,64
89.0625,64
92.1875,64
93.75,64
82.8125,64
95.3125,64
90.625,64
92.1875,64
92.1875,64
85.9375,64
92.1875,64
95.3125,64
95.3125,64
92.1875,64
90.625,64
92.1875,64
95.3125,64
84.375,64
85.9375,64
81.25,64
93.75,64
93.75,64
92.1875,64
89.0625,64
87.5,64
93.75,64
89.0625,64
85.9375,64
89.0625,64
90.625,64
95.3125,64
98.4375,64
89.0625,64
93.75,64
96.875,64
92.1875,64
90.625,64
92.1875,64
84.375,64
93.75,64
87.5,64
89.0625,64
90.625,64
92.1875,64
93.75,64
89.0625,64
89.0625,64
96.875,64
92.1875,64
92.1875,64
93.75,64
90.625,64
93.75,64
89.0625,64
93.75,64
89.0625,64
93.75,64
89.0625,64
93.75,64
89.0625,64
93.75,64
95.3125,64
90.625,64
90.625,64
93.75,64
90.625,64
93.75,64
95.3125,64
89.0625,64
95.3125,64
90.625,64
89.0625,64
90.625,64
93.75,64
92.1875,64
89.0625,64
90.625,64
96.875,64
95.3125,64
96.875,64
95.3125,64
93.75,64
92.1875,64
89.0625,64
95.3125,64
96.875,64
92.1875,64
90.625,64
92.1875,64
95.3125,64
93.75,64
92.1875,64
90.625,64
90.625,64
89.0625,64
95.3125,64
95.3125,64
93.75,64
90.625,64
90.625,64
85.9375,64
95.3125,64
93.75,64
90.625,64
92.1875,64
93.75,64
95.3125,64
95.3125,64
92.1875,64
92.1875,64
92.1875,64
93.75,64
90.625,64
89.0625,64
85.9375,64
89.0625,64
82.8125,64
90.625,64
95.3125,64
89.0625,64
84.375,64
89.0625,64
95.3125,64
93.75,64
89.0625,64
92.1875,64
93.75,64
90.625,64
92.1875,64
92.1875,64
90.625,64
90.625,64
89.0625,64
92.1875,64
93.75,64
92.1875,64
92.1875,64
93.75,64
93.75,64
90.625,64
85.9375,64
87.5,64
89.0625,64
92.1875,64
93.75,64
100,64
93.75,64
89.0625,64
92.1875,64
95.3125,64
90.625,64
100,64
93.75,64
92.1875,64
96.875,64
96.875,64
93.75,64
93.75,64
96.875,64
89.0625,64
93.75,64
92.1875,64
87.5,64
93.75,64
84.375,64
85.9375,64
96.875,64
92.1875,64
92.1875,64
93.75,64
95.3125,64
93.75,64
89.0625,64
98.4375,64
93.75,64
89.0625,64
95.3125,64
93.75,64
95.3125,64
92.1875,64
92.1875,64
98.4375,64
96.875,64
98.4375,64
95.3125,64
95.3125,64
89.0625,64
92.1875,64
90.625,64
90.625,64
93.75,64
98.4375,64
93.75,64
92.1875,64
96.875,64
92.1875,64
92.1875,64
90.625,64
93.75,64
96.875,64
95.3125,64
89.0625,64
90.625,64
85.9375,64
92.1875,64
90.625,64
93.75,64
92.1875,64
93.75,64
92.1875,64
96.875,64
92.1875,64
93.75,64
87.5,64
92.1875,64
98.4375,64
96.875,64
95.3125,64
90.625,64
90.625,64
92.1875,64
96.875,64
89.0625,64
92.1875,64
93.75,64
95.3125,64
98.4375,64
92.1875,64
93.75,64
96.875,64
98.4375,64
90.625,64
96.875,64
87.5,64
95.3125,64
93.75,64
90.625,64
95.3125,64
93.75,64
95.3125,64
89.0625,64
95.3125,64
95.3125,64
98.4375,64
95.3125,64
87.5,64
93.75,64
93.75,64
92.1875,64
90.625,64
92.1875,64
92.1875,64
95.3125,64
93.75,64
90.625,64
90.625,64
89.0625,64
90.625,64
96.875,64
92.1875,64
90.625,64
95.3125,64
93.75,64
98.4375,64
95.3125,64
93.75,64
89.0625,64
90.625,64
90.625,64
87.5,64
92.1875,64
95.3125,64
89.0625,64
92.1875,64
95.3125,64
93.75,64
100,64
90.625,64
90.625,64
96.875,64
93.75,64
95.3125,64
85.9375,64
85.9375,64
90.625,64
92.1875,64
92.1875,64
95.3125,64
95.3125,64
92.1875,64
98.4375,64
87.5,64
96.875,64
85.9375,64
92.1875,64
95.3125,64
93.75,64
95.3125,64
85.9375,64
93.75,64
90.625,64
93.75,64
92.1875,64
98.4375,64
93.75,64
95.3125,64
98.4375,64
92.1875,64
92.1875,64
90.625,64
92.1875,64
93.75,64
90.625,64
90.625,64
92.1875,64
92.1875,64
96.875,64
92.1875,64
87.5,64
85.9375,64
93.75,64
98.4375,64
95.3125,64
96.875,64
89.0625,64
96.875,64
96.875,64
95.3125,64
95.3125,64
96.875,64
93.75,64
93.75,64
89.0625,64
98.4375,64
93.75,64
98.4375,64
92.1875,64
93.75,64
90.625,64
93.75,64
93.75,64
96.875,64
92.1875,64
93.75,64
93.75,64
90.625,64
92.1875,64
96.875,64
93.75,64
93.75,64
90.625,64
90.625,64
93.75,64
93.75,64
90.625,64
95.3125,64
95.3125,64
96.875,64
98.4375,64
90.625,64
92.1875,64
95.3125,64
92.1875,64
93.75,64
92.1875,64
95.3125,64
96.875,64
95.3125,64
92.1875,64
92.1875,64
89.0625,64
92.1875,64
85.9375,64
92.1875,64
93.75,64
93.75,64
95.3125,64
95.3125,64
95.3125,64
92.1875,64
96.875,64
93.75,64
90.625,64
95.3125,64
98.4375,64
93.75,64
92.1875,64
96.875,64
92.1875,64
95.3125,64
92.1875,64
96.875,64
84.375,64
92.1875,64
93.75,64
93.75,64
89.0625,64
95.3125,64
93.75,64
98.4375,64
96.875,64
89.0625,64
92.1875,64
92.1875,64
95.3125,64
98.4375,64
95.3125,64
93.75,64
95.3125,64
95.3125,64
93.75,64
93.75,64
98.4375,64
100,64
89.0625,64
95.3125,64
96.875,64
98.4375,64
87.5,64
95.3125,64
95.3125,64
98.4375,64
95.3125,64
89.0625,64
93.75,64
95.3125,64
92.1875,64
95.3125,64
93.75,64
89.0625,64
95.3125,64
96.875,64
90.625,64
95.3125,64
98.4375,64
92.1875,64
98.4375,64
98.4375,64
93.75,64
96.875,64
93.75,64
95.3125,64
96.875,64
95.3125,64
89.0625,64
96.875,64
95.3125,64
100,64
98.4375,64
95.3125,64
89.0625,64
95.3125,64
89.0625,64
95.3125,64
95.3125,64
93.75,64
85.9375,64
95.3125,64
90.625,64
95.3125,64
92.1875,64
92.1875,64
95.3125,64
95.3125,64
89.0625,64
92.1875,64
90.625,64
98.4375,64
95.3125,64
96.875,64
95.3125,64
92.1875,64
93.75,64
98.4375,64
98.4375,64
95.3125,64
89.0625,64
93.75,64
93.75,64
93.75,64
96.875,64
100,64
95.3125,64
96.875,64
93.75,64
98.4375,64
90.625,64
93.75,64
96.875,64
89.0625,64
93.75,64
95.3125,64
98.4375,64
93.75,64
98.4375,64
92.1875,64
95.3125,64
95.3125,64
96.875,64
92.1875,64
96.875,64
95.3125,64
96.875,64
93.75,64
92.1875,64
96.875,64
92.1875,64
95.3125,64
98.4375,64
95.3125,64
95.3125,64
96.875,64
96.875,64
100,64
96.875,64
89.0625,64
98.4375,64
100,64
96.875,64
95.3125,64
90.625,64
89.0625,64
95.3125,64
96.875,64
93.75,64
95.3125,64
89.0625,64
92.1875,64
93.75,64
93.75,64
90.625,64
98.4375,64
95.3125,64
92.1875,64
93.75,64
95.3125,64
95.3125,64
96.875,64
96.875,64
95.3125,64
98.4375,64
96.875,64
93.75,64
93.75,64
96.875,64
100,24
93.75,64
98.4375,64
91.66666666666666,24
96.875,64
100,24
95.3125,64
91.66666666666666,24
